# JRE version: OpenJDK Runtime Environment (8.0_252-b09) (build 1.8.0_252-8u252-b09-1~16.04-b09)
# Java VM: OpenJDK 64-Bit Server VM (25.252-b09 mixed mode linux-amd64 compressed oops)
Heap:
 PSYoungGen      total 74752K, used 2391K [0x000000076d400000, 0x0000000772700000, 0x00000007c0000000)
  eden space 64512K, 3% used [0x000000076d400000,0x000000076d655d70,0x0000000771300000)
  from space 10240K, 0% used [0x0000000771300000,0x0000000771300000,0x0000000771d00000)
  to   space 10240K, 0% used [0x0000000771d00000,0x0000000771d00000,0x0000000772700000)
 ParOldGen       total 178176K, used 49178K [0x00000006c7c00000, 0x00000006d2a00000, 0x000000076d400000)
  object space 178176K, 27% used [0x00000006c7c00000,0x00000006cac068b0,0x00000006d2a00000)
 Metaspace       used 20753K, capacity 21014K, committed 21120K, reserved 1069056K
  class space    used 2332K, capacity 2427K, committed 2432K, reserved 1048576K
GC Heap History (8 events):
Event: 45.556 GC heap before
{Heap before GC invocations=1 (full 0):
 PSYoungGen      total 74752K, used 62525K [0x000000076d400000, 0x0000000772700000, 0x00000007c0000000)
  eden space 64512K, 96% used [0x000000076d400000,0x000000077110f4f0,0x0000000771300000)
  from space 10240K, 0% used [0x0000000771d00000,0x0000000771d00000,0x0000000772700000)
  to   space 10240K, 0% used [0x0000000771300000,0x0000000771300000,0x0000000771d00000)
 ParOldGen       total 171008K, used 0K [0x00000006c7c00000, 0x00000006d2300000, 0x000000076d400000)
  object space 171008K, 0% used [0x00000006c7c00000,0x00000006c7c00000,0x00000006d2300000)
 Metaspace       used 20103K, capacity 20360K, committed 20608K, reserved 1067008K
  class space    used 2319K, capacity 2426K, committed 2432K, reserved 1048576K
Event: 45.564 GC heap after
Heap after GC invocations=1 (full 0):
 PSYoungGen      total 74752K, used 10239K [0x000000076d400000, 0x0000000772700000, 0x00000007c0000000)
  eden space 64512K, 0% used [0x000000076d400000,0x000000076d400000,0x0000000771300000)
  from space 10240K, 99% used [0x0000000771300000,0x0000000771cfffe0,0x0000000771d00000)
  to   space 10240K, 0% used [0x0000000771d00000,0x0000000771d00000,0x0000000772700000)
 ParOldGen       total 171008K, used 40762K [0x00000006c7c00000, 0x00000006d2300000, 0x000000076d400000)
  object space 171008K, 23% used [0x00000006c7c00000,0x00000006ca3ceb38,0x00000006d2300000)
 Metaspace       used 20103K, capacity 20360K, committed 20608K, reserved 1067008K
  class space    used 2319K, capacity 2426K, committed 2432K, reserved 1048576K
}
Event: 77.241 GC heap before
{Heap before GC invocations=2 (full 0):
 PSYoungGen      total 74752K, used 74231K [0x000000076d400000, 0x0000000772700000, 0x00000007c0000000)
  eden space 64512K, 99% used [0x000000076d400000,0x000000077127dcd8,0x0000000771300000)
  from space 10240K, 99% used [0x0000000771300000,0x0000000771cfffe0,0x0000000771d00000)
  to   space 10240K, 0% used [0x0000000771d00000,0x0000000771d00000,0x0000000772700000)
 ParOldGen       total 171008K, used 41338K [0x00000006c7c00000, 0x00000006d2300000, 0x000000076d400000)
  object space 171008K, 24% used [0x00000006c7c00000,0x00000006ca45eb48,0x00000006d2300000)
 Metaspace       used 20726K, capacity 21014K, committed 21120K, reserved 1069056K
  class space    used 2331K, capacity 2427K, committed 2432K, reserved 1048576K
Event: 77.255 GC heap after
Heap after GC invocations=2 (full 0):
 PSYoungGen      total 74752K, used 10226K [0x000000076d400000, 0x0000000772700000, 0x00000007c0000000)
  eden space 64512K, 0% used [0x000000076d400000,0x000000076d400000,0x0000000771300000)
  from space 10240K, 99% used [0x0000000771d00000,0x00000007726fcbe0,0x0000000772700000)
  to   space 10240K, 0% used [0x0000000771300000,0x0000000771300000,0x0000000771d00000)
 ParOldGen       total 171008K, used 94938K [0x00000006c7c00000, 0x00000006d2300000, 0x000000076d400000)
  object space 171008K, 55% used [0x00000006c7c00000,0x00000006cd8b6ae0,0x00000006d2300000)
 Metaspace       used 20726K, capacity 21014K, committed 21120K, reserved 1069056K
  class space    used 2331K, capacity 2427K, committed 2432K, reserved 1048576K
}
Event: 109.293 GC heap before
{Heap before GC invocations=3 (full 0):
 PSYoungGen      total 74752K, used 74738K [0x000000076d400000, 0x0000000772700000, 0x00000007c0000000)
  eden space 64512K, 100% used [0x000000076d400000,0x0000000771300000,0x0000000771300000)
  from space 10240K, 99% used [0x0000000771d00000,0x00000007726fcbe0,0x0000000772700000)
  to   space 10240K, 0% used [0x0000000771300000,0x0000000771300000,0x0000000771d00000)
 ParOldGen       total 171008K, used 94941K [0x00000006c7c00000, 0x00000006d2300000, 0x000000076d400000)
  object space 171008K, 55% used [0x00000006c7c00000,0x00000006cd8b7498,0x00000006d2300000)
 Metaspace       used 20753K, capacity 21014K, committed 21120K, reserved 1069056K
  class space    used 2332K, capacity 2427K, committed 2432K, reserved 1048576K
Event: 109.310 GC heap after
Heap after GC invocations=3 (full 0):
 PSYoungGen      total 74752K, used 10226K [0x000000076d400000, 0x0000000772700000, 0x00000007c0000000)
  eden space 64512K, 0% used [0x000000076d400000,0x000000076d400000,0x0000000771300000)
  from space 10240K, 99% used [0x0000000771300000,0x0000000771cfcbe0,0x0000000771d00000)
  to   space 10240K, 0% used [0x0000000771d00000,0x0000000771d00000,0x0000000772700000)
 ParOldGen       total 171008K, used 152538K [0x00000006c7c00000, 0x00000006d2300000, 0x000000076d400000)
  object space 171008K, 89% used [0x00000006c7c00000,0x00000006d10f6978,0x00000006d2300000)
 Metaspace       used 20753K, capacity 21014K, committed 21120K, reserved 1069056K
  class space    used 2332K, capacity 2427K, committed 2432K, reserved 1048576K
}
Event: 109.310 GC heap before
{Heap before GC invocations=4 (full 1):
 PSYoungGen      total 74752K, used 10226K [0x000000076d400000, 0x0000000772700000, 0x00000007c0000000)
  eden space 64512K, 0% used [0x000000076d400000,0x000000076d400000,0x0000000771300000)
  from space 10240K, 99% used [0x0000000771300000,0x0000000771cfcbe0,0x0000000771d00000)
  to   space 10240K, 0% used [0x0000000771d00000,0x0000000771d00000,0x0000000772700000)
 ParOldGen       total 171008K, used 152538K [0x00000006c7c00000, 0x00000006d2300000, 0x000000076d400000)
  object space 171008K, 89% used [0x00000006c7c00000,0x00000006d10f6978,0x00000006d2300000)
 Metaspace       used 20753K, capacity 21014K, committed 21120K, reserved 1069056K
  class space    used 2332K, capacity 2427K, committed 2432K, reserved 1048576K
Event: 109.334 GC heap after
Heap after GC invocations=4 (full 1):
 PSYoungGen      total 74752K, used 0K [0x000000076d400000, 0x0000000772700000, 0x00000007c0000000)
  eden space 64512K, 0% used [0x000000076d400000,0x000000076d400000,0x0000000771300000)
  from space 10240K, 0% used [0x0000000771300000,0x0000000771300000,0x0000000771d00000)
  to   space 10240K, 0% used [0x0000000771d00000,0x0000000771d00000,0x0000000772700000)
 ParOldGen       total 178176K, used 49178K [0x00000006c7c00000, 0x00000006d2a00000, 0x000000076d400000)
  object space 178176K, 27% used [0x00000006c7c00000,0x00000006cac068b0,0x00000006d2a00000)
 Metaspace       used 20753K, capacity 21014K, committed 21120K, reserved 1069056K
  class space    used 2332K, capacity 2427K, committed 2432K, reserved 1048576K
}

